<?xml version="1.0" encoding="UTF-8"?>
<!-- Generated by org.testng.reporters.JUnitReportReporter -->
<testsuite hostname="Yash" failures="0" tests="1" name="Tests.TestYoutubeFunctionality" time="66.343" errors="0" timestamp="2023-09-17T18:01:13 IST" skipped="0">
  <testcase classname="Tests.TestYoutubeFunctionality" name="playVedio" time="66.343"/>
  <system-out/>
</testsuite> <!-- Tests.TestYoutubeFunctionality -->
